2023-11-29 11:17:50 0 [Note] Starting MariaDB 10.4.32-MariaDB source revision c4143f909528e3fab0677a28631d10389354c491 as process 2636
2023-11-29 11:17:50 0 [Note] InnoDB: Mutexes and rw_locks use Windows interlocked functions
2023-11-29 11:17:50 0 [Note] InnoDB: Uses event mutexes
2023-11-29 11:17:50 0 [Note] InnoDB: Compressed tables use zlib 1.3
2023-11-29 11:17:50 0 [Note] InnoDB: Number of pools: 1
2023-11-29 11:17:50 0 [Note] InnoDB: Using SSE2 crc32 instructions
2023-11-29 11:17:50 0 [Note] InnoDB: Initializing buffer pool, total size = 16M, instances = 1, chunk size = 16M
2023-11-29 11:17:50 0 [Note] InnoDB: Completed initialization of buffer pool
2023-11-29 11:17:50 0 [Note] InnoDB: Starting crash recovery from checkpoint LSN=300288
2023-11-29 11:17:50 0 [Note] InnoDB: 128 out of 128 rollback segments are active.
2023-11-29 11:17:50 0 [Note] InnoDB: Removed temporary tablespace data file: "ibtmp1"
2023-11-29 11:17:50 0 [Note] InnoDB: Creating shared tablespace for temporary tables
2023-11-29 11:17:50 0 [Note] InnoDB: Setting file 'C:\xampp\mysql\data\ibtmp1' size to 12 MB. Physically writing the file full; Please wait ...
2023-11-29 11:17:50 0 [Note] InnoDB: File 'C:\xampp\mysql\data\ibtmp1' size is now 12 MB.
2023-11-29 11:17:50 0 [Note] InnoDB: Waiting for purge to start
2023-11-29 11:17:50 0 [Note] InnoDB: 10.4.32 started; log sequence number 300297; transaction id 170
2023-11-29 11:17:50 0 [Note] InnoDB: Loading buffer pool(s) from C:\xampp\mysql\data\ib_buffer_pool
2023-11-29 11:17:50 0 [Note] Plugin 'FEEDBACK' is disabled.
2023-11-29 11:17:50 0 [Note] InnoDB: Buffer pool(s) load completed at 231129 11:17:50
2023-11-29 11:17:50 0 [Note] Server socket created on IP: '::'.
2023-11-30 10:04:06 0 [Note] Starting MariaDB 10.4.32-MariaDB source revision c4143f909528e3fab0677a28631d10389354c491 as process 4328
2023-11-30 10:04:06 0 [Note] mysqld.exe: Aria engine: starting recovery
recovered pages: 0% 11% 44% 63% 100% (0.0 seconds); tables to flush: 1 0
 (0.0 seconds); 
2023-11-30 10:04:06 0 [Note] mysqld.exe: Aria engine: recovery done
2023-11-30 10:04:06 0 [Note] InnoDB: Mutexes and rw_locks use Windows interlocked functions
2023-11-30 10:04:06 0 [Note] InnoDB: Uses event mutexes
2023-11-30 10:04:06 0 [Note] InnoDB: Compressed tables use zlib 1.3
2023-11-30 10:04:06 0 [Note] InnoDB: Number of pools: 1
2023-11-30 10:04:06 0 [Note] InnoDB: Using SSE2 crc32 instructions
2023-11-30 10:04:06 0 [Note] InnoDB: Initializing buffer pool, total size = 16M, instances = 1, chunk size = 16M
2023-11-30 10:04:06 0 [Note] InnoDB: Completed initialization of buffer pool
2023-11-30 10:04:06 0 [Note] InnoDB: Starting crash recovery from checkpoint LSN=347413
2023-11-30 10:04:07 0 [Note] InnoDB: 128 out of 128 rollback segments are active.
2023-11-30 10:04:07 0 [Note] InnoDB: Removed temporary tablespace data file: "ibtmp1"
2023-11-30 10:04:07 0 [Note] InnoDB: Creating shared tablespace for temporary tables
2023-11-30 10:04:07 0 [Note] InnoDB: Setting file 'C:\xampp\mysql\data\ibtmp1' size to 12 MB. Physically writing the file full; Please wait ...
2023-11-30 10:04:07 0 [Note] InnoDB: File 'C:\xampp\mysql\data\ibtmp1' size is now 12 MB.
2023-11-30 10:04:07 0 [Note] InnoDB: Waiting for purge to start
2023-11-30 10:04:07 0 [Note] InnoDB: 10.4.32 started; log sequence number 347422; transaction id 316
2023-11-30 10:04:07 0 [Note] InnoDB: Loading buffer pool(s) from C:\xampp\mysql\data\ib_buffer_pool
2023-11-30 10:04:07 0 [Note] Plugin 'FEEDBACK' is disabled.
2023-11-30 10:04:07 0 [Note] InnoDB: Buffer pool(s) load completed at 231130 10:04:07
2023-11-30 10:04:07 0 [Note] Server socket created on IP: '::'.
